Fovoro/Fovoro/Fovoro/app/build/intermediates/manifest_merge_blame_file/debug/manifest-merger-blame-debug-report.txt
1<?xml version="1.0" encoding="utf-8"?>
2<manifest xmlns:android="http://schemas.android.com/apk/res/android"
3    package="com.example.myapplication"
4    android:versionCode="1"
5    android:versionName="1.0" >
6
7    <uses-sdk
8        android:minSdkVersion="24"
9        android:targetSdkVersion="34" />
10
11    <uses-permission android:name="android.permission.INTERNET" />
11-->src\main\AndroidManifest.xml:5:5-67
11-->src\main\AndroidManifest.xml:5:22-64
12
13    <!-- Although the *SdkVersion is captured in gradle build files, this is required for non gradle builds -->
14    <!-- <uses-sdk android:minSdkVersion="14"/> -->
15    <uses-permission android:name="android.permission.ACCESS_NETWORK_STATE" />
15-->[com.google.firebase:firebase-database:20.3.1] AndroidManifest.xml:22:5-79
15-->[com.google.firebase:firebase-database:20.3.1] AndroidManifest.xml:22:22-76
16    <uses-permission android:name="android.permission.WAKE_LOCK" />
16-->[com.google.android.gms:play-services-measurement-api:21.5.1] AndroidManifest.xml:24:5-68
16-->[com.google.android.gms:play-services-measurement-api:21.5.1] AndroidManifest.xml:24:22-65
17    <uses-permission android:name="com.google.android.gms.permission.AD_ID" />
17-->[com.google.android.gms:play-services-measurement-api:21.5.1] AndroidManifest.xml:25:5-79
17-->[com.google.android.gms:play-services-measurement-api:21.5.1] AndroidManifest.xml:25:22-76
18    <uses-permission android:name="android.permission.ACCESS_ADSERVICES_ATTRIBUTION" />
18-->[com.google.android.gms:play-services-measurement-api:21.5.1] AndroidManifest.xml:26:5-88
18-->[com.google.android.gms:play-services-measurement-api:21.5.1] AndroidManifest.xml:26:22-85
19    <uses-permission android:name="android.permission.ACCESS_ADSERVICES_AD_ID" />
19-->[com.google.android.gms:play-services-measurement-api:21.5.1] AndroidManifest.xml:27:5-82
19-->[com.google.android.gms:play-services-measurement-api:21.5.1] AndroidManifest.xml:27:22-79
20    <uses-permission android:name="com.google.android.providers.gsf.permission.READ_GSERVICES" />
20-->[com.google.android.recaptcha:recaptcha:18.4.0] AndroidManifest.xml:9:5-98
20-->[com.google.android.recaptcha:recaptcha:18.4.0] AndroidManifest.xml:9:22-95
21    <uses-permission android:name="com.google.android.finsky.permission.BIND_GET_INSTALL_REFERRER_SERVICE" />
21-->[com.google.android.gms:play-services-measurement:21.5.1] AndroidManifest.xml:26:5-110
21-->[com.google.android.gms:play-services-measurement:21.5.1] AndroidManifest.xml:26:22-107
22
23    <permission
23-->[androidx.core:core:1.9.0] AndroidManifest.xml:22:5-24:47
24        android:name="com.example.myapplication.DYNAMIC_RECEIVER_NOT_EXPORTED_PERMISSION"
24-->[androidx.core:core:1.9.0] AndroidManifest.xml:23:9-81
25        android:protectionLevel="signature" />
25-->[androidx.core:core:1.9.0] AndroidManifest.xml:24:9-44
26
27    <uses-permission android:name="com.example.myapplication.DYNAMIC_RECEIVER_NOT_EXPORTED_PERMISSION" />
27-->[androidx.core:core:1.9.0] AndroidManifest.xml:26:5-97
27-->[androidx.core:core:1.9.0] AndroidManifest.xml:26:22-94
28
29    <application
29-->src\main\AndroidManifest.xml:7:5-45:19
30        android:allowBackup="true"
30-->src\main\AndroidManifest.xml:8:9-35
31        android:appComponentFactory="androidx.core.app.CoreComponentFactory"
31-->[androidx.core:core:1.9.0] AndroidManifest.xml:28:18-86
32        android:dataExtractionRules="@xml/data_extraction_rules"
32-->src\main\AndroidManifest.xml:9:9-65
33        android:debuggable="true"
34        android:extractNativeLibs="false"
35        android:fullBackupContent="@xml/backup_rules"
35-->src\main\AndroidManifest.xml:10:9-54
36        android:icon="@mipmap/ic_launcher"
36-->src\main\AndroidManifest.xml:11:9-43
37        android:label="@string/app_name"
37-->src\main\AndroidManifest.xml:12:9-41
38        android:roundIcon="@mipmap/ic_launcher_round"
38-->src\main\AndroidManifest.xml:13:9-54
39        android:supportsRtl="true"
39-->src\main\AndroidManifest.xml:14:9-35
40        android:testOnly="true"
41        android:theme="@style/Theme.Material3.Light" >
41-->src\main\AndroidManifest.xml:15:9-53
42        <activity
42-->src\main\AndroidManifest.xml:18:9-20:40
43            android:name="com.example.myapplication.AccountPage"
43-->src\main\AndroidManifest.xml:19:13-40
44            android:exported="false" />
44-->src\main\AndroidManifest.xml:20:13-37
45        <activity
45-->src\main\AndroidManifest.xml:21:9-23:40
46            android:name="com.example.myapplication.Register"
46-->src\main\AndroidManifest.xml:22:13-37
47            android:exported="false" />
47-->src\main\AndroidManifest.xml:23:13-37
48        <activity
48-->src\main\AndroidManifest.xml:24:9-32:20
49            android:name="com.example.myapplication.Login"
49-->src\main\AndroidManifest.xml:25:13-34
50            android:exported="true"
50-->src\main\AndroidManifest.xml:26:13-36
51            android:theme="@style/Theme.Material3.Light.NoActionBar" >
51-->src\main\AndroidManifest.xml:27:13-69
52            <intent-filter>
52-->src\main\AndroidManifest.xml:28:13-31:29
53                <action android:name="android.intent.action.MAIN" />
53-->src\main\AndroidManifest.xml:29:17-69
53-->src\main\AndroidManifest.xml:29:25-66
54
55                <category android:name="android.intent.category.LAUNCHER" />
55-->src\main\AndroidManifest.xml:30:17-77
55-->src\main\AndroidManifest.xml:30:27-74
56            </intent-filter>
57        </activity>
58        <activity
58-->src\main\AndroidManifest.xml:33:9-35:40
59            android:name="com.example.myapplication.StoreList.WesternStoreActivity"
59-->src\main\AndroidManifest.xml:34:13-59
60            android:exported="false" />
60-->src\main\AndroidManifest.xml:35:13-37
61        <activity
61-->src\main\AndroidManifest.xml:36:9-38:40
62            android:name="com.example.myapplication.TopdownListActivity"
62-->src\main\AndroidManifest.xml:37:13-48
63            android:exported="false" />
63-->src\main\AndroidManifest.xml:38:13-37
64        <activity
64-->src\main\AndroidManifest.xml:39:9-41:40
65            android:name="com.example.myapplication.StoreReviewActivity"
65-->src\main\AndroidManifest.xml:40:13-48
66            android:exported="false" />
66-->src\main\AndroidManifest.xml:41:13-37
67        <activity
67-->src\main\AndroidManifest.xml:42:9-44:39
68            android:name="com.example.myapplication.WeeklyReviewActivity"
68-->src\main\AndroidManifest.xml:43:13-49
69            android:exported="true" />
69-->src\main\AndroidManifest.xml:44:13-36
70
71        <service
71-->[com.google.firebase:firebase-database:20.3.1] AndroidManifest.xml:26:9-35:19
72            android:name="com.google.firebase.components.ComponentDiscoveryService"
72-->[com.google.firebase:firebase-database:20.3.1] AndroidManifest.xml:27:13-84
73            android:directBootAware="true"
73-->[com.google.firebase:firebase-common:20.4.2] AndroidManifest.xml:32:13-43
74            android:exported="false" >
74-->[com.google.firebase:firebase-database:20.3.1] AndroidManifest.xml:28:13-37
75            <meta-data
75-->[com.google.firebase:firebase-database:20.3.1] AndroidManifest.xml:29:13-31:85
76                android:name="com.google.firebase.components:com.google.firebase.database.FirebaseDatabaseKtxRegistrar"
76-->[com.google.firebase:firebase-database:20.3.1] AndroidManifest.xml:30:17-120
77                android:value="com.google.firebase.components.ComponentRegistrar" />
77-->[com.google.firebase:firebase-database:20.3.1] AndroidManifest.xml:31:17-82
78            <meta-data
78-->[com.google.firebase:firebase-database:20.3.1] AndroidManifest.xml:32:13-34:85
79                android:name="com.google.firebase.components:com.google.firebase.database.DatabaseRegistrar"
79-->[com.google.firebase:firebase-database:20.3.1] AndroidManifest.xml:33:17-109
80                android:value="com.google.firebase.components.ComponentRegistrar" />
80-->[com.google.firebase:firebase-database:20.3.1] AndroidManifest.xml:34:17-82
81            <meta-data
81-->[com.google.firebase:firebase-auth:22.3.1] AndroidManifest.xml:69:13-71:85
82                android:name="com.google.firebase.components:com.google.firebase.auth.FirebaseAuthRegistrar"
82-->[com.google.firebase:firebase-auth:22.3.1] AndroidManifest.xml:70:17-109
83                android:value="com.google.firebase.components.ComponentRegistrar" />
83-->[com.google.firebase:firebase-auth:22.3.1] AndroidManifest.xml:71:17-82
84            <meta-data
84-->[com.google.firebase:firebase-firestore:24.10.3] AndroidManifest.xml:17:13-19:85
85                android:name="com.google.firebase.components:com.google.firebase.firestore.FirebaseFirestoreKtxRegistrar"
85-->[com.google.firebase:firebase-firestore:24.10.3] AndroidManifest.xml:18:17-122
86                android:value="com.google.firebase.components.ComponentRegistrar" />
86-->[com.google.firebase:firebase-firestore:24.10.3] AndroidManifest.xml:19:17-82
87            <meta-data
87-->[com.google.firebase:firebase-firestore:24.10.3] AndroidManifest.xml:20:13-22:85
88                android:name="com.google.firebase.components:com.google.firebase.firestore.FirestoreRegistrar"
88-->[com.google.firebase:firebase-firestore:24.10.3] AndroidManifest.xml:21:17-111
89                android:value="com.google.firebase.components.ComponentRegistrar" />
89-->[com.google.firebase:firebase-firestore:24.10.3] AndroidManifest.xml:22:17-82
90            <meta-data
90-->[com.google.android.gms:play-services-measurement-api:21.5.1] AndroidManifest.xml:37:13-39:85
91                android:name="com.google.firebase.components:com.google.firebase.analytics.connector.internal.AnalyticsConnectorRegistrar"
91-->[com.google.android.gms:play-services-measurement-api:21.5.1] AndroidManifest.xml:38:17-139
92                android:value="com.google.firebase.components.ComponentRegistrar" />
92-->[com.google.android.gms:play-services-measurement-api:21.5.1] AndroidManifest.xml:39:17-82
93            <meta-data
93-->[com.google.firebase:firebase-installations:17.2.0] AndroidManifest.xml:15:13-17:85
94                android:name="com.google.firebase.components:com.google.firebase.installations.FirebaseInstallationsKtxRegistrar"
94-->[com.google.firebase:firebase-installations:17.2.0] AndroidManifest.xml:16:17-130
95                android:value="com.google.firebase.components.ComponentRegistrar" />
95-->[com.google.firebase:firebase-installations:17.2.0] AndroidManifest.xml:17:17-82
96            <meta-data
96-->[com.google.firebase:firebase-installations:17.2.0] AndroidManifest.xml:18:13-20:85
97                android:name="com.google.firebase.components:com.google.firebase.installations.FirebaseInstallationsRegistrar"
97-->[com.google.firebase:firebase-installations:17.2.0] AndroidManifest.xml:19:17-127
98                android:value="com.google.firebase.components.ComponentRegistrar" />
98-->[com.google.firebase:firebase-installations:17.2.0] AndroidManifest.xml:20:17-82
99            <meta-data
99-->[com.google.firebase:firebase-common-ktx:20.4.2] AndroidManifest.xml:12:13-14:85
100                android:name="com.google.firebase.components:com.google.firebase.ktx.FirebaseCommonLegacyRegistrar"
100-->[com.google.firebase:firebase-common-ktx:20.4.2] AndroidManifest.xml:13:17-116
101                android:value="com.google.firebase.components.ComponentRegistrar" />
101-->[com.google.firebase:firebase-common-ktx:20.4.2] AndroidManifest.xml:14:17-82
102            <meta-data
102-->[com.google.firebase:firebase-common:20.4.2] AndroidManifest.xml:35:13-37:85
103                android:name="com.google.firebase.components:com.google.firebase.FirebaseCommonKtxRegistrar"
103-->[com.google.firebase:firebase-common:20.4.2] AndroidManifest.xml:36:17-109
104                android:value="com.google.firebase.components.ComponentRegistrar" />
104-->[com.google.firebase:firebase-common:20.4.2] AndroidManifest.xml:37:17-82
105        </service>
106
107        <activity
107-->[com.google.firebase:firebase-auth:22.3.1] AndroidManifest.xml:29:9-46:20
108            android:name="com.google.firebase.auth.internal.GenericIdpActivity"
108-->[com.google.firebase:firebase-auth:22.3.1] AndroidManifest.xml:30:13-80
109            android:excludeFromRecents="true"
109-->[com.google.firebase:firebase-auth:22.3.1] AndroidManifest.xml:31:13-46
110            android:exported="true"
110-->[com.google.firebase:firebase-auth:22.3.1] AndroidManifest.xml:32:13-36
111            android:launchMode="singleTask"
111-->[com.google.firebase:firebase-auth:22.3.1] AndroidManifest.xml:33:13-44
112            android:theme="@android:style/Theme.Translucent.NoTitleBar" >
112-->[com.google.firebase:firebase-auth:22.3.1] AndroidManifest.xml:34:13-72
113            <intent-filter>
113-->[com.google.firebase:firebase-auth:22.3.1] AndroidManifest.xml:35:13-45:29
114                <action android:name="android.intent.action.VIEW" />
114-->[com.google.firebase:firebase-auth:22.3.1] AndroidManifest.xml:36:17-69
114-->[com.google.firebase:firebase-auth:22.3.1] AndroidManifest.xml:36:25-66
115
116                <category android:name="android.intent.category.DEFAULT" />
116-->[com.google.firebase:firebase-auth:22.3.1] AndroidManifest.xml:38:17-76
116-->[com.google.firebase:firebase-auth:22.3.1] AndroidManifest.xml:38:27-73
117                <category android:name="android.intent.category.BROWSABLE" />
117-->[com.google.firebase:firebase-auth:22.3.1] AndroidManifest.xml:39:17-78
117-->[com.google.firebase:firebase-auth:22.3.1] AndroidManifest.xml:39:27-75
118
119                <data
119-->[com.google.firebase:firebase-auth:22.3.1] AndroidManifest.xml:41:17-44:51
120                    android:host="firebase.auth"
120-->[com.google.firebase:firebase-auth:22.3.1] AndroidManifest.xml:42:21-49
121                    android:path="/"
121-->[com.google.firebase:firebase-auth:22.3.1] AndroidManifest.xml:43:21-37
122                    android:scheme="genericidp" />
122-->[com.google.firebase:firebase-auth:22.3.1] AndroidManifest.xml:44:21-48
123            </intent-filter>
124        </activity>
125        <activity
125-->[com.google.firebase:firebase-auth:22.3.1] AndroidManifest.xml:47:9-64:20
126            android:name="com.google.firebase.auth.internal.RecaptchaActivity"
126-->[com.google.firebase:firebase-auth:22.3.1] AndroidManifest.xml:48:13-79
127            android:excludeFromRecents="true"
127-->[com.google.firebase:firebase-auth:22.3.1] AndroidManifest.xml:49:13-46
128            android:exported="true"
128-->[com.google.firebase:firebase-auth:22.3.1] AndroidManifest.xml:50:13-36
129            android:launchMode="singleTask"
129-->[com.google.firebase:firebase-auth:22.3.1] AndroidManifest.xml:51:13-44
130            android:theme="@android:style/Theme.Translucent.NoTitleBar" >
130-->[com.google.firebase:firebase-auth:22.3.1] AndroidManifest.xml:52:13-72
131            <intent-filter>
131-->[com.google.firebase:firebase-auth:22.3.1] AndroidManifest.xml:53:13-63:29
132                <action android:name="android.intent.action.VIEW" />
132-->[com.google.firebase:firebase-auth:22.3.1] AndroidManifest.xml:36:17-69
132-->[com.google.firebase:firebase-auth:22.3.1] AndroidManifest.xml:36:25-66
133
134                <category android:name="android.intent.category.DEFAULT" />
134-->[com.google.firebase:firebase-auth:22.3.1] AndroidManifest.xml:38:17-76
134-->[com.google.firebase:firebase-auth:22.3.1] AndroidManifest.xml:38:27-73
135                <category android:name="android.intent.category.BROWSABLE" />
135-->[com.google.firebase:firebase-auth:22.3.1] AndroidManifest.xml:39:17-78
135-->[com.google.firebase:firebase-auth:22.3.1] AndroidManifest.xml:39:27-75
136
137                <data
137-->[com.google.firebase:firebase-auth:22.3.1] AndroidManifest.xml:41:17-44:51
138                    android:host="firebase.auth"
138-->[com.google.firebase:firebase-auth:22.3.1] AndroidManifest.xml:42:21-49
139                    android:path="/"
139-->[com.google.firebase:firebase-auth:22.3.1] AndroidManifest.xml:43:21-37
140                    android:scheme="recaptcha" />
140-->[com.google.firebase:firebase-auth:22.3.1] AndroidManifest.xml:44:21-48
141            </intent-filter>
142        </activity>
143
144        <property
144-->[com.google.android.gms:play-services-measurement-api:21.5.1] AndroidManifest.xml:30:9-32:61
145            android:name="android.adservices.AD_SERVICES_CONFIG"
145-->[com.google.android.gms:play-services-measurement-api:21.5.1] AndroidManifest.xml:31:13-65
146            android:resource="@xml/ga_ad_services_config" />
146-->[com.google.android.gms:play-services-measurement-api:21.5.1] AndroidManifest.xml:32:13-58
147
148        <provider
148-->[com.google.firebase:firebase-common:20.4.2] AndroidManifest.xml:23:9-28:39
149            android:name="com.google.firebase.provider.FirebaseInitProvider"
149-->[com.google.firebase:firebase-common:20.4.2] AndroidManifest.xml:24:13-77
150            android:authorities="com.example.myapplication.firebaseinitprovider"
150-->[com.google.firebase:firebase-common:20.4.2] AndroidManifest.xml:25:13-72
151            android:directBootAware="true"
151-->[com.google.firebase:firebase-common:20.4.2] AndroidManifest.xml:26:13-43
152            android:exported="false"
152-->[com.google.firebase:firebase-common:20.4.2] AndroidManifest.xml:27:13-37
153            android:initOrder="100" />
153-->[com.google.firebase:firebase-common:20.4.2] AndroidManifest.xml:28:13-36
154        <provider
154-->[androidx.emoji2:emoji2:1.2.0] AndroidManifest.xml:24:9-32:20
155            android:name="androidx.startup.InitializationProvider"
155-->[androidx.emoji2:emoji2:1.2.0] AndroidManifest.xml:25:13-67
156            android:authorities="com.example.myapplication.androidx-startup"
156-->[androidx.emoji2:emoji2:1.2.0] AndroidManifest.xml:26:13-68
157            android:exported="false" >
157-->[androidx.emoji2:emoji2:1.2.0] AndroidManifest.xml:27:13-37
158            <meta-data
158-->[androidx.emoji2:emoji2:1.2.0] AndroidManifest.xml:29:13-31:52
159                android:name="androidx.emoji2.text.EmojiCompatInitializer"
159-->[androidx.emoji2:emoji2:1.2.0] AndroidManifest.xml:30:17-75
160                android:value="androidx.startup" />
160-->[androidx.emoji2:emoji2:1.2.0] AndroidManifest.xml:31:17-49
161            <meta-data
161-->[androidx.lifecycle:lifecycle-process:2.6.1] AndroidManifest.xml:29:13-31:52
162                android:name="androidx.lifecycle.ProcessLifecycleInitializer"
162-->[androidx.lifecycle:lifecycle-process:2.6.1] AndroidManifest.xml:30:17-78
163                android:value="androidx.startup" />
163-->[androidx.lifecycle:lifecycle-process:2.6.1] AndroidManifest.xml:31:17-49
164            <meta-data
164-->[androidx.profileinstaller:profileinstaller:1.3.0] AndroidManifest.xml:29:13-31:52
165                android:name="androidx.profileinstaller.ProfileInstallerInitializer"
165-->[androidx.profileinstaller:profileinstaller:1.3.0] AndroidManifest.xml:30:17-85
166                android:value="androidx.startup" />
166-->[androidx.profileinstaller:profileinstaller:1.3.0] AndroidManifest.xml:31:17-49
167        </provider>
168
169        <activity
169-->[com.google.android.gms:play-services-base:18.1.0] AndroidManifest.xml:20:9-22:45
170            android:name="com.google.android.gms.common.api.GoogleApiActivity"
170-->[com.google.android.gms:play-services-base:18.1.0] AndroidManifest.xml:20:19-85
171            android:exported="false"
171-->[com.google.android.gms:play-services-base:18.1.0] AndroidManifest.xml:22:19-43
172            android:theme="@android:style/Theme.Translucent.NoTitleBar" />
172-->[com.google.android.gms:play-services-base:18.1.0] AndroidManifest.xml:21:19-78
173
174        <receiver
174-->[com.google.android.gms:play-services-measurement:21.5.1] AndroidManifest.xml:29:9-33:20
175            android:name="com.google.android.gms.measurement.AppMeasurementReceiver"
175-->[com.google.android.gms:play-services-measurement:21.5.1] AndroidManifest.xml:30:13-85
176            android:enabled="true"
176-->[com.google.android.gms:play-services-measurement:21.5.1] AndroidManifest.xml:31:13-35
177            android:exported="false" >
177-->[com.google.android.gms:play-services-measurement:21.5.1] AndroidManifest.xml:32:13-37
178        </receiver>
179
180        <service
180-->[com.google.android.gms:play-services-measurement:21.5.1] AndroidManifest.xml:35:9-38:40
181            android:name="com.google.android.gms.measurement.AppMeasurementService"
181-->[com.google.android.gms:play-services-measurement:21.5.1] AndroidManifest.xml:36:13-84
182            android:enabled="true"
182-->[com.google.android.gms:play-services-measurement:21.5.1] AndroidManifest.xml:37:13-35
183            android:exported="false" />
183-->[com.google.android.gms:play-services-measurement:21.5.1] AndroidManifest.xml:38:13-37
184        <service
184-->[com.google.android.gms:play-services-measurement:21.5.1] AndroidManifest.xml:39:9-43:72
185            android:name="com.google.android.gms.measurement.AppMeasurementJobService"
185-->[com.google.android.gms:play-services-measurement:21.5.1] AndroidManifest.xml:40:13-87
186            android:enabled="true"
186-->[com.google.android.gms:play-services-measurement:21.5.1] AndroidManifest.xml:41:13-35
187            android:exported="false"
187-->[com.google.android.gms:play-services-measurement:21.5.1] AndroidManifest.xml:42:13-37
188            android:permission="android.permission.BIND_JOB_SERVICE" />
188-->[com.google.android.gms:play-services-measurement:21.5.1] AndroidManifest.xml:43:13-69
189
190        <uses-library
190-->[androidx.window:window:1.0.0] AndroidManifest.xml:25:9-27:40
191            android:name="androidx.window.extensions"
191-->[androidx.window:window:1.0.0] AndroidManifest.xml:26:13-54
192            android:required="false" />
192-->[androidx.window:window:1.0.0] AndroidManifest.xml:27:13-37
193        <uses-library
193-->[androidx.window:window:1.0.0] AndroidManifest.xml:28:9-30:40
194            android:name="androidx.window.sidecar"
194-->[androidx.window:window:1.0.0] AndroidManifest.xml:29:13-51
195            android:required="false" />
195-->[androidx.window:window:1.0.0] AndroidManifest.xml:30:13-37
196        <uses-library
196-->[androidx.privacysandbox.ads:ads-adservices:1.0.0-beta05] AndroidManifest.xml:23:9-25:40
197            android:name="android.ext.adservices"
197-->[androidx.privacysandbox.ads:ads-adservices:1.0.0-beta05] AndroidManifest.xml:24:13-50
198            android:required="false" />
198-->[androidx.privacysandbox.ads:ads-adservices:1.0.0-beta05] AndroidManifest.xml:25:13-37
199
200        <meta-data
200-->[com.google.android.gms:play-services-basement:18.3.0] AndroidManifest.xml:21:9-23:69
201            android:name="com.google.android.gms.version"
201-->[com.google.android.gms:play-services-basement:18.3.0] AndroidManifest.xml:22:13-58
202            android:value="@integer/google_play_services_version" />
202-->[com.google.android.gms:play-services-basement:18.3.0] AndroidManifest.xml:23:13-66
203
204        <receiver
204-->[androidx.profileinstaller:profileinstaller:1.3.0] AndroidManifest.xml:34:9-52:20
205            android:name="androidx.profileinstaller.ProfileInstallReceiver"
205-->[androidx.profileinstaller:profileinstaller:1.3.0] AndroidManifest.xml:35:13-76
206            android:directBootAware="false"
206-->[androidx.profileinstaller:profileinstaller:1.3.0] AndroidManifest.xml:36:13-44
207            android:enabled="true"
207-->[androidx.profileinstaller:profileinstaller:1.3.0] AndroidManifest.xml:37:13-35
208            android:exported="true"
208-->[androidx.profileinstaller:profileinstaller:1.3.0] AndroidManifest.xml:38:13-36
209            android:permission="android.permission.DUMP" >
209-->[androidx.profileinstaller:profileinstaller:1.3.0] AndroidManifest.xml:39:13-57
210            <intent-filter>
210-->[androidx.profileinstaller:profileinstaller:1.3.0] AndroidManifest.xml:40:13-42:29
211                <action android:name="androidx.profileinstaller.action.INSTALL_PROFILE" />
211-->[androidx.profileinstaller:profileinstaller:1.3.0] AndroidManifest.xml:41:17-91
211-->[androidx.profileinstaller:profileinstaller:1.3.0] AndroidManifest.xml:41:25-88
212            </intent-filter>
213            <intent-filter>
213-->[androidx.profileinstaller:profileinstaller:1.3.0] AndroidManifest.xml:43:13-45:29
214                <action android:name="androidx.profileinstaller.action.SKIP_FILE" />
214-->[androidx.profileinstaller:profileinstaller:1.3.0] AndroidManifest.xml:44:17-85
214-->[androidx.profileinstaller:profileinstaller:1.3.0] AndroidManifest.xml:44:25-82
215            </intent-filter>
216            <intent-filter>
216-->[androidx.profileinstaller:profileinstaller:1.3.0] AndroidManifest.xml:46:13-48:29
217                <action android:name="androidx.profileinstaller.action.SAVE_PROFILE" />
217-->[androidx.profileinstaller:profileinstaller:1.3.0] AndroidManifest.xml:47:17-88
217-->[androidx.profileinstaller:profileinstaller:1.3.0] AndroidManifest.xml:47:25-85
218            </intent-filter>
219            <intent-filter>
219-->[androidx.profileinstaller:profileinstaller:1.3.0] AndroidManifest.xml:49:13-51:29
220                <action android:name="androidx.profileinstaller.action.BENCHMARK_OPERATION" />
220-->[androidx.profileinstaller:profileinstaller:1.3.0] AndroidManifest.xml:50:17-95
220-->[androidx.profileinstaller:profileinstaller:1.3.0] AndroidManifest.xml:50:25-92
221            </intent-filter>
222        </receiver>
223    </application>
224
225</manifest>